src/android_app/sdk/build/intermediates/manifest_merge_blame_file/release/manifest-merger-blame-release-report.txt
1<?xml version="1.0" encoding="utf-8"?>
2<manifest xmlns:android="http://schemas.android.com/apk/res/android"
3    package="com.example.perception" >
4
5    <uses-sdk android:minSdkVersion="23" />
5-->ProcessLibraryManifest/release/tempAndroidManifest15693496043627742900.xml
6
7</manifest>